0 info it worked if it ends with ok
1 verbose cli [ '/usr/bin/node',
1 verbose cli   '/usr/bin/npm',
1 verbose cli   'install',
1 verbose cli   'angularjs',
1 verbose cli   'angular-material' ]
2 info using npm@1.4.28
3 info using node@v0.10.38
4 verbose node symlink /usr/bin/node
5 warn package.json community-report@1.0.0 No description
6 warn package.json community-report@1.0.0 No repository field.
7 warn package.json community-report@1.0.0 No README data
8 verbose readDependencies using package.json deps
9 verbose cache add [ 'angularjs', null ]
10 verbose cache add name=undefined spec="angularjs" args=["angularjs",null]
11 verbose parsed url { protocol: null,
11 verbose parsed url   slashes: null,
11 verbose parsed url   auth: null,
11 verbose parsed url   host: null,
11 verbose parsed url   port: null,
11 verbose parsed url   hostname: null,
11 verbose parsed url   hash: null,
11 verbose parsed url   search: null,
11 verbose parsed url   query: null,
11 verbose parsed url   pathname: 'angularjs',
11 verbose parsed url   path: 'angularjs',
11 verbose parsed url   href: 'angularjs' }
12 verbose cache add [ 'angular-material', null ]
13 verbose cache add name=undefined spec="angular-material" args=["angular-material",null]
14 verbose parsed url { protocol: null,
14 verbose parsed url   slashes: null,
14 verbose parsed url   auth: null,
14 verbose parsed url   host: null,
14 verbose parsed url   port: null,
14 verbose parsed url   hostname: null,
14 verbose parsed url   hash: null,
14 verbose parsed url   search: null,
14 verbose parsed url   query: null,
14 verbose parsed url   pathname: 'angular-material',
14 verbose parsed url   path: 'angular-material',
14 verbose parsed url   href: 'angular-material' }
15 silly lockFile c7872ea9-angularjs angularjs
16 verbose lock angularjs /home/danny/.npm/c7872ea9-angularjs.lock
17 silly lockFile 570d18db-angular-material angular-material
18 verbose lock angular-material /home/danny/.npm/570d18db-angular-material.lock
19 silly lockFile c7872ea9-angularjs angularjs
20 silly lockFile c7872ea9-angularjs angularjs
21 silly lockFile 570d18db-angular-material angular-material
22 silly lockFile 570d18db-angular-material angular-material
23 verbose addNamed [ 'angularjs', '' ]
24 verbose addNamed [ null, '*' ]
25 silly lockFile 3021ac88-angularjs angularjs@
26 verbose lock angularjs@ /home/danny/.npm/3021ac88-angularjs.lock
27 verbose addNamed [ 'angular-material', '' ]
28 verbose addNamed [ null, '*' ]
29 silly lockFile 680f893f-angular-material angular-material@
30 verbose lock angular-material@ /home/danny/.npm/680f893f-angular-material.lock
31 silly addNameRange { name: 'angularjs', range: '*', hasData: false }
32 silly addNameRange { name: 'angular-material', range: '*', hasData: false }
33 verbose request where is /angularjs
34 verbose request registry https://registry.npmjs.org/
35 verbose request id 8920a83987d6e9d2
36 verbose url raw /angularjs
37 verbose url resolving [ 'https://registry.npmjs.org/', './angularjs' ]
38 verbose url resolved https://registry.npmjs.org/angularjs
39 verbose request where is https://registry.npmjs.org/angularjs
40 info trying registry request attempt 1 at 09:07:06
41 http GET https://registry.npmjs.org/angularjs
42 verbose request where is /angular-material
43 verbose request registry https://registry.npmjs.org/
44 verbose url raw /angular-material
45 verbose url resolving [ 'https://registry.npmjs.org/', './angular-material' ]
46 verbose url resolved https://registry.npmjs.org/angular-material
47 verbose request where is https://registry.npmjs.org/angular-material
48 info trying registry request attempt 1 at 09:07:06
49 http GET https://registry.npmjs.org/angular-material
50 info retry will retry, error on last attempt: Error: getaddrinfo ENOTFOUND
51 info retry will retry, error on last attempt: Error: getaddrinfo ENOTFOUND
52 info trying registry request attempt 2 at 09:07:16
53 http GET https://registry.npmjs.org/angular-material
54 info trying registry request attempt 2 at 09:07:16
55 http GET https://registry.npmjs.org/angularjs
56 info retry will retry, error on last attempt: Error: getaddrinfo ENOTFOUND
57 info retry will retry, error on last attempt: Error: getaddrinfo ENOTFOUND
58 info trying registry request attempt 3 at 09:08:17
59 http GET https://registry.npmjs.org/angular-material
60 info trying registry request attempt 3 at 09:08:17
61 http GET https://registry.npmjs.org/angularjs
62 silly lockFile 680f893f-angular-material angular-material@
63 silly lockFile 680f893f-angular-material angular-material@
64 silly lockFile 3021ac88-angularjs angularjs@
65 silly lockFile 3021ac88-angularjs angularjs@
66 error network getaddrinfo ENOTFOUND
66 error network This is most likely not a problem with npm itself
66 error network and is related to network connectivity.
66 error network In most cases you are behind a proxy or have bad network settings.
66 error network
66 error network If you are behind a proxy, please make sure that the
66 error network 'proxy' config is set properly.  See: 'npm help config'
67 error System Linux 3.13.0-24-generic
68 error command "/usr/bin/node" "/usr/bin/npm" "install" "angularjs" "angular-material"
69 error cwd /home/danny/Desktop/renepal.org /community-report/public
70 error node -v v0.10.38
71 error npm -v 1.4.28
72 error syscall getaddrinfo
73 error code ENOTFOUND
74 error errno ENOTFOUND
75 verbose exit [ 1, true ]
